[debug] [2021-05-21T07:13:07.433Z] ----------------------------------------------------------------------
[debug] [2021-05-21T07:13:07.435Z] Command:       C:\Program Files\nodejs\node.exe C:\Users\ohadh\AppData\Roaming\npm\node_modules\firebase-tools\lib\bin\firebase.js init
[debug] [2021-05-21T07:13:07.435Z] CLI Version:   9.11.0
[debug] [2021-05-21T07:13:07.435Z] Platform:      win32
[debug] [2021-05-21T07:13:07.435Z] Node Version:  v12.18.4
[debug] [2021-05-21T07:13:07.437Z] Time:          Fri May 21 2021 10:13:07 GMT+0300 (Israel Daylight Time)
[debug] [2021-05-21T07:13:07.437Z] ----------------------------------------------------------------------
[debug] 
[debug] [2021-05-21T07:13:07.443Z] > command requires scopes: ["email","openid","https://www.googleapis.com/auth/cloudplatformprojects.readonly","https://www.googleapis.com/auth/firebase","https://www.googleapis.com/auth/cloud-platform"]
[debug] [2021-05-21T07:13:07.443Z] > authorizing via signed-in user (ohadhaviv92@gmail.com)
[info] 
     ######## #### ########  ######## ########     ###     ######  ########
     ##        ##  ##     ## ##       ##     ##  ##   ##  ##       ##
     ######    ##  ########  ######   ########  #########  ######  ######
     ##        ##  ##    ##  ##       ##     ## ##     ##       ## ##
     ##       #### ##     ## ######## ########  ##     ##  ######  ########

You're about to initialize a Firebase project in this directory:

  C:\Users\ohadh\Desktop\weather-app

[info] 
=== Project Setup
[info] 
[info] First, let's associate this project directory with a Firebase project.
[info] You can create multiple project aliases by running firebase use --add, 
[info] but for now we'll just set up a default project.
[info] 
[debug] [2021-05-21T07:17:10.354Z] >>> [apiv2][query] GET https://firebase.googleapis.com/v1beta1/availableProjects pageSize=100
[debug] [2021-05-21T07:17:11.229Z] <<< [apiv2][status] GET https://firebase.googleapis.com/v1beta1/availableProjects 200
[debug] [2021-05-21T07:17:11.229Z] <<< [apiv2][body] GET https://firebase.googleapis.com/v1beta1/availableProjects [omitted]
[debug] [2021-05-21T07:17:30.532Z] ----------------------------------------------------------------------
[debug] [2021-05-21T07:17:30.534Z] Command:       C:\Program Files\nodejs\node.exe C:\Users\ohadh\AppData\Roaming\npm\node_modules\firebase-tools\lib\bin\firebase.js init
[debug] [2021-05-21T07:17:30.535Z] CLI Version:   9.11.0
[debug] [2021-05-21T07:17:30.535Z] Platform:      win32
[debug] [2021-05-21T07:17:30.535Z] Node Version:  v12.18.4
[debug] [2021-05-21T07:17:30.536Z] Time:          Fri May 21 2021 10:17:30 GMT+0300 (Israel Daylight Time)
[debug] [2021-05-21T07:17:30.536Z] ----------------------------------------------------------------------
[debug] 
[debug] [2021-05-21T07:17:30.543Z] > command requires scopes: ["email","openid","https://www.googleapis.com/auth/cloudplatformprojects.readonly","https://www.googleapis.com/auth/firebase","https://www.googleapis.com/auth/cloud-platform"]
[debug] [2021-05-21T07:17:30.543Z] > authorizing via signed-in user (ohadhaviv92@gmail.com)
[info] 
     ######## #### ########  ######## ########     ###     ######  ########
     ##        ##  ##     ## ##       ##     ##  ##   ##  ##       ##
     ######    ##  ########  ######   ########  #########  ######  ######
     ##        ##  ##    ##  ##       ##     ## ##     ##       ## ##
     ##       #### ##     ## ######## ########  ##     ##  ######  ########

You're about to initialize a Firebase project in this directory:

  C:\Users\ohadh\Desktop\weather-app

[info] 
=== Project Setup
[info] 
[info] First, let's associate this project directory with a Firebase project.
[info] You can create multiple project aliases by running firebase use --add, 
[info] but for now we'll just set up a default project.
[info] 
[info] i  If you want to create a project in a Google Cloud organization or folder, please use "firebase projects:create" instead, and return to this command when you've created the project. 
[debug] [2021-05-21T07:17:48.454Z] ----------------------------------------------------------------------
[debug] [2021-05-21T07:17:48.456Z] Command:       C:\Program Files\nodejs\node.exe C:\Users\ohadh\AppData\Roaming\npm\node_modules\firebase-tools\lib\bin\firebase.js init
[debug] [2021-05-21T07:17:48.457Z] CLI Version:   9.11.0
[debug] [2021-05-21T07:17:48.457Z] Platform:      win32
[debug] [2021-05-21T07:17:48.457Z] Node Version:  v12.18.4
[debug] [2021-05-21T07:17:48.458Z] Time:          Fri May 21 2021 10:17:48 GMT+0300 (Israel Daylight Time)
[debug] [2021-05-21T07:17:48.458Z] ----------------------------------------------------------------------
[debug] 
[debug] [2021-05-21T07:17:48.464Z] > command requires scopes: ["email","openid","https://www.googleapis.com/auth/cloudplatformprojects.readonly","https://www.googleapis.com/auth/firebase","https://www.googleapis.com/auth/cloud-platform"]
[debug] [2021-05-21T07:17:48.464Z] > authorizing via signed-in user (ohadhaviv92@gmail.com)
[info] 
     ######## #### ########  ######## ########     ###     ######  ########
     ##        ##  ##     ## ##       ##     ##  ##   ##  ##       ##
     ######    ##  ########  ######   ########  #########  ######  ######
     ##        ##  ##    ##  ##       ##     ## ##     ##       ## ##
     ##       #### ##     ## ######## ########  ##     ##  ######  ########

You're about to initialize a Firebase project in this directory:

  C:\Users\ohadh\Desktop\weather-app

[info] 
=== Project Setup
[info] 
[info] First, let's associate this project directory with a Firebase project.
[info] You can create multiple project aliases by running firebase use --add, 
[info] but for now we'll just set up a default project.
[info] 
[debug] [2021-05-21T07:17:54.256Z] >>> [apiv2][query] GET https://firebase.googleapis.com/v1beta1/availableProjects pageSize=100
[debug] [2021-05-21T07:17:54.877Z] <<< [apiv2][status] GET https://firebase.googleapis.com/v1beta1/availableProjects 200
[debug] [2021-05-21T07:17:54.877Z] <<< [apiv2][body] GET https://firebase.googleapis.com/v1beta1/availableProjects [omitted]
[debug] [2021-05-21T07:18:04.950Z] ----------------------------------------------------------------------
[debug] [2021-05-21T07:18:04.952Z] Command:       C:\Program Files\nodejs\node.exe C:\Users\ohadh\AppData\Roaming\npm\node_modules\firebase-tools\lib\bin\firebase.js init
[debug] [2021-05-21T07:18:04.952Z] CLI Version:   9.11.0
[debug] [2021-05-21T07:18:04.952Z] Platform:      win32
[debug] [2021-05-21T07:18:04.952Z] Node Version:  v12.18.4
[debug] [2021-05-21T07:18:04.954Z] Time:          Fri May 21 2021 10:18:04 GMT+0300 (Israel Daylight Time)
[debug] [2021-05-21T07:18:04.954Z] ----------------------------------------------------------------------
[debug] 
[debug] [2021-05-21T07:18:04.960Z] > command requires scopes: ["email","openid","https://www.googleapis.com/auth/cloudplatformprojects.readonly","https://www.googleapis.com/auth/firebase","https://www.googleapis.com/auth/cloud-platform"]
[debug] [2021-05-21T07:18:04.960Z] > authorizing via signed-in user (ohadhaviv92@gmail.com)
[info] 
     ######## #### ########  ######## ########     ###     ######  ########
     ##        ##  ##     ## ##       ##     ##  ##   ##  ##       ##
     ######    ##  ########  ######   ########  #########  ######  ######
     ##        ##  ##    ##  ##       ##     ## ##     ##       ## ##
     ##       #### ##     ## ######## ########  ##     ##  ######  ########

You're about to initialize a Firebase project in this directory:

  C:\Users\ohadh\Desktop\weather-app

[info] 
=== Project Setup
[info] 
[info] First, let's associate this project directory with a Firebase project.
[info] You can create multiple project aliases by running firebase use --add, 
[info] but for now we'll just set up a default project.
[info] 
[debug] [2021-05-21T07:18:11.783Z] >>> [apiv2][query] GET https://firebase.googleapis.com/v1beta1/projects pageSize=100
[debug] [2021-05-21T07:18:12.286Z] <<< [apiv2][status] GET https://firebase.googleapis.com/v1beta1/projects 200
[debug] [2021-05-21T07:18:12.286Z] <<< [apiv2][body] GET https://firebase.googleapis.com/v1beta1/projects [omitted]
[info] i  Using project weather-app-eff48 (Weather-App) 
[info] 
=== Hosting Setup
[info] 
[info] Your public directory is the folder (relative to your project directory) that
[info] will contain Hosting assets to be uploaded with firebase deploy. If you
[info] have a build process for your assets, use your build's output directory.
[info] 
[debug] [2021-05-21T07:19:24.895Z] >>> [apiv2][query] GET https://www.gstatic.com/firebasejs/releases.json [none]
[debug] [2021-05-21T07:19:25.245Z] <<< [apiv2][status] GET https://www.gstatic.com/firebasejs/releases.json 200
[debug] [2021-05-21T07:19:25.245Z] <<< [apiv2][body] GET https://www.gstatic.com/firebasejs/releases.json {"current":{"version":"8.6.2","browserURL":"https://www.gstatic.com/firebasejs/8.6.2/firebase.js","packageURL":"https://www.gstatic.com/firebasejs/8.6.2/firebase.tgz"},"live":{"version":"8.6","browserURL":"https://www.gstatic.com/firebasejs/live/8.6/firebase.js","packageURL":"https://www.gstatic.com/firebasejs/live/8.6/firebase.tgz"},"components":{"analytics":"https://www.gstatic.com/firebasejs/8.6.2/firebase-analytics.js","app":"https://www.gstatic.com/firebasejs/8.6.2/firebase-app.js","app-check":"https://www.gstatic.com/firebasejs/8.6.2/firebase-app-check.js","auth":"https://www.gstatic.com/firebasejs/8.6.2/firebase-auth.js","database":"https://www.gstatic.com/firebasejs/8.6.2/firebase-database.js","firestore":"https://www.gstatic.com/firebasejs/8.6.2/firebase-firestore.js","functions":"https://www.gstatic.com/firebasejs/8.6.2/firebase-functions.js","installations":"https://www.gstatic.com/firebasejs/8.6.2/firebase-installations.js","messaging":"https://www.gstatic.com/firebasejs/8.6.2/firebase-messaging.js","storage":"https://www.gstatic.com/firebasejs/8.6.2/firebase-storage.js","performance":"https://www.gstatic.com/firebasejs/8.6.2/firebase-performance.js","remote-config":"https://www.gstatic.com/firebasejs/8.6.2/firebase-remote-config.js","firestore.memory":"https://www.gstatic.com/firebasejs/8.6.2/firebase-firestore.memory.js"}}
[info] i  Skipping write of build/index.html 
[info] 
[info] i  Detected a .git folder at C:\Users\ohadh\Desktop\weather-app 
[info] i  Authorizing with GitHub to upload your service account to a GitHub repository's secrets store. 
[info] 
[info] Visit this URL on this device to log in:
[info] https://github.com/login/oauth/authorize?client_id=89cf50f02ac6aaed3484&state=1018810633&redirect_uri=http%3A%2F%2Flocalhost%3A9005&scope=read%3Auser%20repo%20public_repo
[info] 
[info] Waiting for authentication...
[debug] [2021-05-21T07:20:02.884Z] >>> HTTP REQUEST POST https://github.com/login/oauth/access_token  
 {"client_id":"89cf50f02ac6aaed3484","client_secret":"3330d14abc895d9a74d5f17cd7a00711fa2c5bf0","code":"984a764f415cc237e78e","redirect_uri":"http://localhost:9005","state":"1018810633"}
[debug] [2021-05-21T07:20:03.411Z] <<< HTTP RESPONSE 200 {"server":"GitHub.com","date":"Fri, 21 May 2021 07:20:02 GMT","content-type":"application/json; charset=utf-8","transfer-encoding":"chunked","vary":"X-PJAX, Accept-Encoding, Accept, X-Requested-With","permissions-policy":"interest-cohort=()","etag":"W/\"000d8552c5cfde209668ad515d195ace\"","cache-control":"max-age=0, private, must-revalidate","strict-transport-security":"max-age=31536000; includeSubdomains; preload","x-frame-options":"deny","x-content-type-options":"nosniff","x-xss-protection":"0","referrer-policy":"origin-when-cross-origin, strict-origin-when-cross-origin","expect-ct":"max-age=2592000, report-uri=\"https://api.github.com/_private/browser/errors\"","content-security-policy":"default-src 'none'; base-uri 'self'; block-all-mixed-content; connect-src 'self' uploads.github.com www.githubstatus.com collector.githubapp.com api.github.com github-cloud.s3.amazonaws.com github-production-repository-file-5c1aeb.s3.amazonaws.com github-production-upload-manifest-file-7fdce7.s3.amazonaws.com github-production-user-asset-6210df.s3.amazonaws.com cdn.optimizely.com logx.optimizely.com/v1/events wss://alive.github.com; font-src github.githubassets.com; form-action 'self' github.com gist.github.com; frame-ancestors 'none'; frame-src render.githubusercontent.com; img-src 'self' data: github.githubassets.com identicons.github.com collector.githubapp.com github-cloud.s3.amazonaws.com secured-user-images.githubusercontent.com/ *.githubusercontent.com; manifest-src 'self'; media-src 'none'; script-src github.githubassets.com; style-src 'unsafe-inline' github.githubassets.com; worker-src github.com/socket-worker-3f088aa2.js gist.github.com/socket-worker-3f088aa2.js","x-github-request-id":"8047:CDD4:1F69B0B:209521F:60A75F22"}
[debug] [2021-05-21T07:20:03.415Z] >>> [apiv2][query] GET https://api.github.com/user [none]
[debug] [2021-05-21T07:20:04.060Z] <<< [apiv2][status] GET https://api.github.com/user 200
[debug] [2021-05-21T07:20:04.060Z] <<< [apiv2][body] GET https://api.github.com/user {"login":"ohadhaviv92","id":41625776,"node_id":"MDQ6VXNlcjQxNjI1Nzc2","avatar_url":"https://avatars.githubusercontent.com/u/41625776?v=4","gravatar_id":"","url":"https://api.github.com/users/ohadhaviv92","html_url":"https://github.com/ohadhaviv92","followers_url":"https://api.github.com/users/ohadhaviv92/followers","following_url":"https://api.github.com/users/ohadhaviv92/following{/other_user}","gists_url":"https://api.github.com/users/ohadhaviv92/gists{/gist_id}","starred_url":"https://api.github.com/users/ohadhaviv92/starred{/owner}{/repo}","subscriptions_url":"https://api.github.com/users/ohadhaviv92/subscriptions","organizations_url":"https://api.github.com/users/ohadhaviv92/orgs","repos_url":"https://api.github.com/users/ohadhaviv92/repos","events_url":"https://api.github.com/users/ohadhaviv92/events{/privacy}","received_events_url":"https://api.github.com/users/ohadhaviv92/received_events","type":"User","site_admin":false,"name":"Ohad Haviv","company":null,"blog":"","location":null,"email":null,"hireable":null,"bio":null,"twitter_username":null,"public_repos":11,"public_gists":0,"followers":0,"following":1,"created_at":"2018-07-24T10:54:18Z","updated_at":"2021-05-21T07:20:01Z","private_gists":0,"total_private_repos":2,"owned_private_repos":2,"disk_usage":262601,"collaborators":3,"two_factor_authentication":false,"plan":{"name":"free","space":976562499,"collaborators":0,"private_repos":10000}}
[info] 
[info] +  Success! Logged into GitHub as ohadhaviv92 
[info] 
